WARNING:tensorflow:From /home/work/jlee/lyric_generator/core/model.py:66: softmax_cross_entropy_with_logits (from tensorflow.python.ops.nn_ops) is deprecated and will be removed in a future version.
Instructions for updating:

Future major versions of TensorFlow will allow gradients to flow
into the labels input on backprop by default.

See `tf.nn.softmax_cross_entropy_with_logits_v2`.

directory existed..!
myself cid: d94080fb602824f20eebe546f60454b801be4cce08727e95bd200b56d38312b8
device_global_ids:
  1: 7
  0: 6
device_mem_allocations:
  7: 4278190080
  6: 8304721920
device_proc_allocations:
  7: 10
  6: 19
2019-07-15 02:25:39.665932: I tensorflow/core/common_runtime/gpu/gpu_device.cc:1432] Found device 0 with properties: 
name: CUDA GPU major: 6 minor: 1 memoryClockRate(GHz): 1.7335
pciBusID: 0000:87:00.0
totalMemory: 7.73GiB freeMemory: 7.62GiB
2019-07-15 02:25:39.816977: I tensorflow/core/common_runtime/gpu/gpu_device.cc:1432] Found device 1 with properties: 
name: CUDA GPU major: 6 minor: 1 memoryClockRate(GHz): 1.7335
pciBusID: 0000:88:00.0
totalMemory: 3.98GiB freeMemory: 3.87GiB
2019-07-15 02:25:39.819435: I tensorflow/core/common_runtime/gpu/gpu_device.cc:1511] Adding visible gpu devices: 0, 1
2019-07-15 02:25:40.769732: I tensorflow/core/common_runtime/gpu/gpu_device.cc:982] Device interconnect StreamExecutor with strength 1 edge matrix:
2019-07-15 02:25:40.770255: I tensorflow/core/common_runtime/gpu/gpu_device.cc:988]      0 1 
2019-07-15 02:25:40.770735: I tensorflow/core/common_runtime/gpu/gpu_device.cc:1001] 0:   N Y 
2019-07-15 02:25:40.771042: I tensorflow/core/common_runtime/gpu/gpu_device.cc:1001] 1:   Y N 
2019-07-15 02:25:40.779635: I tensorflow/core/common_runtime/gpu/gpu_device.cc:1115] Created TensorFlow device (/job:localhost/replica:0/task:0/device:GPU:0 with 7350 MB memory) -> physical GPU (device: 0, name: CUDA GPU, pci bus id: 0000:87:00.0, compute capability: 6.1)
2019-07-15 02:25:40.780662: I tensorflow/core/common_runtime/gpu/gpu_device.cc:1115] Created TensorFlow device (/job:localhost/replica:0/task:0/device:GPU:1 with 3597 MB memory) -> physical GPU (device: 1, name: CUDA GPU, pci bus id: 0000:88:00.0, compute capability: 6.1)
WARNING:tensorflow:From /usr/local/lib/python3.5/dist-packages/tensorflow/python/util/tf_should_use.py:189: initialize_all_variables (from tensorflow.python.ops.variables) is deprecated and will be removed after 2017-03-02.
Instructions for updating:
Use `tf.global_variables_initializer` instead.
current epoch : 0 	 step : 500
current epoch : 0 	 step : 1000
Traceback (most recent call last):
  File "train.py", line 14, in <module>
    df = train(g, tr, te, BATCH_SIZE, EPOCHS, CHECKPOINTS_PATH, '/loss_df.pkl', '/learn_time.pkl', additional_train = False)
  File "/home/work/jlee/lyric_generator/core/model.py", line 145, in train
    saver.save(sess, checkpoint_path+'/generator_model.ckpt', global_step=current_epoch)
NameError: name 'saver' is not defined
./train.py: 1: ./train.py: import: not found
./train.py: 2: ./train.py: from: not found
./train.py: 3: ./train.py: from: not found
./train.py: 4: ./train.py: from: not found
./train.py: 7: ./train.py: Syntax error: "(" unexpected
./train.py: 1: ./train.py: import: not found
./train.py: 2: ./train.py: from: not found
./train.py: 3: ./train.py: from: not found
./train.py: 4: ./train.py: from: not found
./train.py: 7: ./train.py: Syntax error: "(" unexpected
WARNING:tensorflow:From /home/work/jlee/lyric_generator/core/model.py:66: softmax_cross_entropy_with_logits (from tensorflow.python.ops.nn_ops) is deprecated and will be removed in a future version.
Instructions for updating:

Future major versions of TensorFlow will allow gradients to flow
into the labels input on backprop by default.

See `tf.nn.softmax_cross_entropy_with_logits_v2`.

directory existed..!
myself cid: d94080fb602824f20eebe546f60454b801be4cce08727e95bd200b56d38312b8
device_global_ids:
  1: 7
  0: 6
device_mem_allocations:
  7: 4278190080
  6: 8304721920
device_proc_allocations:
  7: 10
  6: 19
2019-07-15 02:34:34.010865: I tensorflow/core/common_runtime/gpu/gpu_device.cc:1432] Found device 0 with properties: 
name: CUDA GPU major: 6 minor: 1 memoryClockRate(GHz): 1.7335
pciBusID: 0000:87:00.0
totalMemory: 7.73GiB freeMemory: 7.62GiB
2019-07-15 02:34:34.153893: I tensorflow/core/common_runtime/gpu/gpu_device.cc:1432] Found device 1 with properties: 
name: CUDA GPU major: 6 minor: 1 memoryClockRate(GHz): 1.7335
pciBusID: 0000:88:00.0
totalMemory: 3.98GiB freeMemory: 3.87GiB
2019-07-15 02:34:34.156184: I tensorflow/core/common_runtime/gpu/gpu_device.cc:1511] Adding visible gpu devices: 0, 1
2019-07-15 02:34:35.095102: I tensorflow/core/common_runtime/gpu/gpu_device.cc:982] Device interconnect StreamExecutor with strength 1 edge matrix:
2019-07-15 02:34:35.095548: I tensorflow/core/common_runtime/gpu/gpu_device.cc:988]      0 1 
2019-07-15 02:34:35.095913: I tensorflow/core/common_runtime/gpu/gpu_device.cc:1001] 0:   N Y 
2019-07-15 02:34:35.096267: I tensorflow/core/common_runtime/gpu/gpu_device.cc:1001] 1:   Y N 
2019-07-15 02:34:35.104797: I tensorflow/core/common_runtime/gpu/gpu_device.cc:1115] Created TensorFlow device (/job:localhost/replica:0/task:0/device:GPU:0 with 7350 MB memory) -> physical GPU (device: 0, name: CUDA GPU, pci bus id: 0000:87:00.0, compute capability: 6.1)
2019-07-15 02:34:35.105567: I tensorflow/core/common_runtime/gpu/gpu_device.cc:1115] Created TensorFlow device (/job:localhost/replica:0/task:0/device:GPU:1 with 3597 MB memory) -> physical GPU (device: 1, name: CUDA GPU, pci bus id: 0000:88:00.0, compute capability: 6.1)
WARNING:tensorflow:From /usr/local/lib/python3.5/dist-packages/tensorflow/python/util/tf_should_use.py:189: initialize_all_variables (from tensorflow.python.ops.variables) is deprecated and will be removed after 2017-03-02.
Instructions for updating:
Use `tf.global_variables_initializer` instead.
current epoch : 0 	 step : 500
current epoch : 0 	 step : 1000
tr_losses :  5.227978637689874 - te_losses :  4.3114789745448965
current epoch : 1 	 step : 500
current epoch : 1 	 step : 1000
tr_losses :  4.292581365405662 - te_losses :  4.227775066760586
current epoch : 2 	 step : 500
current epoch : 2 	 step : 1000
tr_losses :  4.224789787994806 - te_losses :  4.179316962637553
current epoch : 3 	 step : 500
current epoch : 3 	 step : 1000
tr_losses :  4.187369562806003 - te_losses :  4.163931267753144
current epoch : 4 	 step : 500
current epoch : 4 	 step : 1000
tr_losses :  4.160175307153181 - te_losses :  4.1614723475175
current epoch : 5 	 step : 500
current epoch : 5 	 step : 1000
tr_losses :  4.121668817881286 - te_losses :  4.13718189104169
current epoch : 6 	 step : 500
current epoch : 6 	 step : 1000
tr_losses :  4.102374018089302 - te_losses :  4.111390340618971
current epoch : 7 	 step : 500
current epoch : 7 	 step : 1000
tr_losses :  4.066794979583639 - te_losses :  4.117517528935705
current epoch : 8 	 step : 500
current epoch : 8 	 step : 1000
tr_losses :  4.04202279627153 - te_losses :  4.071719631651817
current epoch : 9 	 step : 500
current epoch : 9 	 step : 1000
tr_losses :  4.018026478510602 - te_losses :  4.066466273859705
current epoch : 10 	 step : 500
current epoch : 10 	 step : 1000
tr_losses :  3.988295220512078 - te_losses :  4.041457288809732
current epoch : 11 	 step : 500
current epoch : 11 	 step : 1000
tr_losses :  3.958298144399496 - te_losses :  4.020378083188888
current epoch : 12 	 step : 500
current epoch : 12 	 step : 1000
tr_losses :  3.9306138269567805 - te_losses :  4.012669668493673
current epoch : 13 	 step : 500
current epoch : 13 	 step : 1000
tr_losses :  3.891087074034788 - te_losses :  3.97047703757783
current epoch : 14 	 step : 500
current epoch : 14 	 step : 1000
tr_losses :  3.862289550982692 - te_losses :  3.9595175360364556
current epoch : 15 	 step : 500
current epoch : 15 	 step : 1000
tr_losses :  3.8327562736398715 - te_losses :  3.933955379706
current epoch : 16 	 step : 500
current epoch : 16 	 step : 1000
tr_losses :  3.8029901187381325 - te_losses :  3.9027440056303915
current epoch : 17 	 step : 500
current epoch : 17 	 step : 1000
tr_losses :  3.7685044732806117 - te_losses :  3.8817010924980013
current epoch : 18 	 step : 500
current epoch : 18 	 step : 1000
tr_losses :  3.7471530319507864 - te_losses :  3.8500749483341123
current epoch : 19 	 step : 500
current epoch : 19 	 step : 1000
tr_losses :  3.7205801130361946 - te_losses :  3.8427750778832617
current epoch : 20 	 step : 500
current epoch : 20 	 step : 1000
tr_losses :  3.6801739174564263 - te_losses :  3.807291242341509
current epoch : 21 	 step : 500
current epoch : 21 	 step : 1000
tr_losses :  3.6504256278418223 - te_losses :  3.785140722659633
current epoch : 22 	 step : 500
current epoch : 22 	 step : 1000
tr_losses :  3.628349189640339 - te_losses :  3.776857950206342
current epoch : 23 	 step : 500
current epoch : 23 	 step : 1000
tr_losses :  3.601614528559822 - te_losses :  3.7542847746491694
current epoch : 24 	 step : 500
current epoch : 24 	 step : 1000
tr_losses :  3.5715841911272364 - te_losses :  3.733112247978769
current epoch : 25 	 step : 500
current epoch : 25 	 step : 1000
tr_losses :  3.5489072763386735 - te_losses :  3.721873261711814
current epoch : 26 	 step : 500
current epoch : 26 	 step : 1000
tr_losses :  3.519676325323466 - te_losses :  3.694271466684447
current epoch : 27 	 step : 500
current epoch : 27 	 step : 1000
tr_losses :  3.5011572842366574 - te_losses :  3.6745591126630153
current epoch : 28 	 step : 500
current epoch : 28 	 step : 1000
tr_losses :  3.4682243444259453 - te_losses :  3.646617780503571
current epoch : 29 	 step : 500
current epoch : 29 	 step : 1000
tr_losses :  3.4490501628843067 - te_losses :  3.632038538313229
current epoch : 30 	 step : 500
current epoch : 30 	 step : 1000
tr_losses :  3.4282703506277357 - te_losses :  3.614111810988703
current epoch : 31 	 step : 500
current epoch : 31 	 step : 1000
tr_losses :  3.4045057639295324 - te_losses :  3.606454736641928
current epoch : 32 	 step : 500
current epoch : 32 	 step : 1000
tr_losses :  3.37317603684742 - te_losses :  3.594618021252414
current epoch : 33 	 step : 500
current epoch : 33 	 step : 1000
tr_losses :  3.3570194625491534 - te_losses :  3.580314869362605
current epoch : 34 	 step : 500
current epoch : 34 	 step : 1000
tr_losses :  3.340382759509826 - te_losses :  3.5500550227789023
current epoch : 35 	 step : 500
current epoch : 35 	 step : 1000
tr_losses :  3.3159592650710232 - te_losses :  3.538582677587437
current epoch : 36 	 step : 500
current epoch : 36 	 step : 1000
tr_losses :  3.298299726818313 - te_losses :  3.5194157401632578
current epoch : 37 	 step : 500
current epoch : 37 	 step : 1000
tr_losses :  3.2803343013850537 - te_losses :  3.5007087893602327
current epoch : 38 	 step : 500
current epoch : 38 	 step : 1000
tr_losses :  3.2673161567448434 - te_losses :  3.4983503326872762
current epoch : 39 	 step : 500
current epoch : 39 	 step : 1000
tr_losses :  3.2425278546581033 - te_losses :  3.492446136051694
current epoch : 40 	 step : 500
current epoch : 40 	 step : 1000
tr_losses :  3.2262190102850337 - te_losses :  3.4796145290070255
current epoch : 41 	 step : 500
current epoch : 41 	 step : 1000
tr_losses :  3.211462859762611 - te_losses :  3.4664829015203167
current epoch : 42 	 step : 500
current epoch : 42 	 step : 1000
tr_losses :  3.1923202449769548 - te_losses :  3.456954471287865
current epoch : 43 	 step : 500
current epoch : 43 	 step : 1000
tr_losses :  3.179830977624082 - te_losses :  3.4451764147984743
current epoch : 44 	 step : 500
current epoch : 44 	 step : 1000
tr_losses :  3.1686188140219445 - te_losses :  3.430650403917232
current epoch : 45 	 step : 500
current epoch : 45 	 step : 1000
tr_losses :  3.139805732739754 - te_losses :  3.4318401993246144
current epoch : 46 	 step : 500
current epoch : 46 	 step : 1000
tr_losses :  3.135105672957895 - te_losses :  3.418888687823141
current epoch : 47 	 step : 500
current epoch : 47 	 step : 1000
tr_losses :  3.1177663478706137 - te_losses :  3.4005345029471457
current epoch : 48 	 step : 500
current epoch : 48 	 step : 1000
tr_losses :  3.094642859657643 - te_losses :  3.3946938234527995
current epoch : 49 	 step : 500
current epoch : 49 	 step : 1000
tr_losses :  3.0860593591158327 - te_losses :  3.3818014889228634
current epoch : 50 	 step : 500
current epoch : 50 	 step : 1000
tr_losses :  3.0715667777238407 - te_losses :  3.378561373560497
current epoch : 51 	 step : 500
current epoch : 51 	 step : 1000
tr_losses :  3.0640219984226973 - te_losses :  3.3666398387790517
current epoch : 52 	 step : 500
current epoch : 52 	 step : 1000
tr_losses :  3.0596136559088043 - te_losses :  3.366634480969076
current epoch : 53 	 step : 500
current epoch : 53 	 step : 1000
tr_losses :  3.0419302243034005 - te_losses :  3.3553389339912227
current epoch : 54 	 step : 500
current epoch : 54 	 step : 1000
tr_losses :  3.023204322092653 - te_losses :  3.3556219992246437
current epoch : 55 	 step : 500
current epoch : 55 	 step : 1000
tr_losses :  3.0123483132000315 - te_losses :  3.344135448303561
current epoch : 56 	 step : 500
current epoch : 56 	 step : 1000
tr_losses :  3.0025728595018615 - te_losses :  3.339939415058381
current epoch : 57 	 step : 500
current epoch : 57 	 step : 1000
tr_losses :  2.9959733817375467 - te_losses :  3.333688049781613
current epoch : 58 	 step : 500
current epoch : 58 	 step : 1000
tr_losses :  2.9858134915781065 - te_losses :  3.3298828654701587
current epoch : 59 	 step : 500
current epoch : 59 	 step : 1000
tr_losses :  2.967165816295272 - te_losses :  3.3175841826292998
current epoch : 60 	 step : 500
current epoch : 60 	 step : 1000
tr_losses :  2.9656631780963756 - te_losses :  3.305753067168851
current epoch : 61 	 step : 500
current epoch : 61 	 step : 1000
tr_losses :  2.955249112861481 - te_losses :  3.3049138760619576
current epoch : 62 	 step : 500
current epoch : 62 	 step : 1000
tr_losses :  2.9492409406220994 - te_losses :  3.30266749092322
current epoch : 63 	 step : 500
current epoch : 63 	 step : 1000
tr_losses :  2.939704188610915 - te_losses :  3.29744601884068
current epoch : 64 	 step : 500
current epoch : 64 	 step : 1000
tr_losses :  2.9309869758522478 - te_losses :  3.2962284389462018
current epoch : 65 	 step : 500
current epoch : 65 	 step : 1000
tr_losses :  2.921600011504343 - te_losses :  3.27564871707671
current epoch : 66 	 step : 500
current epoch : 66 	 step : 1000
tr_losses :  2.909825335220424 - te_losses :  3.2895726132022833
current epoch : 67 	 step : 500
current epoch : 67 	 step : 1000
tr_losses :  2.898263795845402 - te_losses :  3.2888738982164676
current epoch : 68 	 step : 500
current epoch : 68 	 step : 1000
tr_losses :  2.893271242290537 - te_losses :  3.2739723183363347
current epoch : 69 	 step : 500
current epoch : 69 	 step : 1000
tr_losses :  2.8883469597029756 - te_losses :  3.266989687858294
current epoch : 70 	 step : 500
current epoch : 70 	 step : 1000
tr_losses :  2.875575650203353 - te_losses :  3.2551060066519186
current epoch : 71 	 step : 500
current epoch : 71 	 step : 1000
tr_losses :  2.8748758149986378 - te_losses :  3.2627404962569275
current epoch : 72 	 step : 500
current epoch : 72 	 step : 1000
tr_losses :  2.859953074541464 - te_losses :  3.2703247498514383
current epoch : 73 	 step : 500
current epoch : 73 	 step : 1000
tr_losses :  2.8545396017188915 - te_losses :  3.2583201978264786
current epoch : 74 	 step : 500
current epoch : 74 	 step : 1000
tr_losses :  2.849067754228267 - te_losses :  3.266033803280071
current epoch : 75 	 step : 500
current epoch : 75 	 step : 1000
tr_losses :  2.841228554976996 - te_losses :  3.263906228304438
current epoch : 76 	 step : 500
current epoch : 76 	 step : 1000
tr_losses :  2.830269478481231 - te_losses :  3.2465617989753675
current epoch : 77 	 step : 500
current epoch : 77 	 step : 1000
tr_losses :  2.8226980620855153 - te_losses :  3.254726065236026
current epoch : 78 	 step : 500
current epoch : 78 	 step : 1000
tr_losses :  2.819869799119421 - te_losses :  3.2328816972127776
current epoch : 79 	 step : 500
current epoch : 79 	 step : 1000
tr_losses :  2.820070401245248 - te_losses :  3.237997042366248
current epoch : 80 	 step : 500
current epoch : 80 	 step : 1000
tr_losses :  2.814257236575082 - te_losses :  3.2312200539920917
current epoch : 81 	 step : 500
current epoch : 81 	 step : 1000
tr_losses :  2.80887824779006 - te_losses :  3.236224690456348
current epoch : 82 	 step : 500
current epoch : 82 	 step : 1000
tr_losses :  2.799863176953781 - te_losses :  3.2441960337949696
current epoch : 83 	 step : 500
current epoch : 83 	 step : 1000
tr_losses :  2.7973503506149595 - te_losses :  3.2455674523524856
current epoch : 84 	 step : 500
current epoch : 84 	 step : 1000
tr_losses :  2.7915342768298004 - te_losses :  3.2302483904388155
current epoch : 85 	 step : 500
current epoch : 85 	 step : 1000
tr_losses :  2.7819621299812614 - te_losses :  3.2193847416245487
current epoch : 86 	 step : 500
current epoch : 86 	 step : 1000
tr_losses :  2.7806211706573456 - te_losses :  3.2285821691584955
current epoch : 87 	 step : 500
current epoch : 87 	 step : 1000
tr_losses :  2.769799364509183 - te_losses :  3.236007025923803
current epoch : 88 	 step : 500
current epoch : 88 	 step : 1000
tr_losses :  2.76572501602681 - te_losses :  3.2108464188163404
current epoch : 89 	 step : 500
current epoch : 89 	 step : 1000
tr_losses :  2.7591146347525006 - te_losses :  3.2105447014260977
current epoch : 90 	 step : 500
current epoch : 90 	 step : 1000
tr_losses :  2.754388739788226 - te_losses :  3.2113717580317394
current epoch : 91 	 step : 500
current epoch : 91 	 step : 1000
tr_losses :  2.7488757701968147 - te_losses :  3.207095922229031
current epoch : 92 	 step : 500
current epoch : 92 	 step : 1000
tr_losses :  2.7429252619067337 - te_losses :  3.2232415237342176
current epoch : 93 	 step : 500
current epoch : 93 	 step : 1000
tr_losses :  2.741268729619136 - te_losses :  3.2165466549655553
current epoch : 94 	 step : 500
current epoch : 94 	 step : 1000
tr_losses :  2.73418627502122 - te_losses :  3.214630729078982
current epoch : 95 	 step : 500
current epoch : 95 	 step : 1000
tr_losses :  2.7305003412557034 - te_losses :  3.2069407587833787
current epoch : 96 	 step : 500
current epoch : 96 	 step : 1000
tr_losses :  2.720884305199025 - te_losses :  3.204954406903218
current epoch : 97 	 step : 500
current epoch : 97 	 step : 1000
tr_losses :  2.7266630287061524 - te_losses :  3.1930561007522957
current epoch : 98 	 step : 500
current epoch : 98 	 step : 1000
tr_losses :  2.7156661795390207 - te_losses :  3.2045001661169557
current epoch : 99 	 step : 500
current epoch : 99 	 step : 1000
tr_losses :  2.7196433689342467 - te_losses :  3.1917991743912455
current epoch : 100 	 step : 500
current epoch : 100 	 step : 1000
tr_losses :  2.708442632410211 - te_losses :  3.2051628619234207
current epoch : 101 	 step : 500
current epoch : 101 	 step : 1000
tr_losses :  2.7089443601504835 - te_losses :  3.1895915483952626
current epoch : 102 	 step : 500
current epoch : 102 	 step : 1000
tr_losses :  2.691688504023965 - te_losses :  3.1915891128210165
current epoch : 103 	 step : 500
current epoch : 103 	 step : 1000
tr_losses :  2.7005996812989213 - te_losses :  3.18260447783375
current epoch : 104 	 step : 500
current epoch : 104 	 step : 1000
tr_losses :  2.6940775779629753 - te_losses :  3.190408406395077
current epoch : 105 	 step : 500
current epoch : 105 	 step : 1000
tr_losses :  2.6856456519761163 - te_losses :  3.1870166562877578
current epoch : 106 	 step : 500
current epoch : 106 	 step : 1000
tr_losses :  2.6806043625785327 - te_losses :  3.1885647641581603
current epoch : 107 	 step : 500
current epoch : 107 	 step : 1000
tr_losses :  2.680496126214852 - te_losses :  3.1923679560092495
current epoch : 108 	 step : 500
current epoch : 108 	 step : 1000
tr_losses :  2.6797596564415405 - te_losses :  3.1931689261332847
current epoch : 109 	 step : 500
current epoch : 109 	 step : 1000
tr_losses :  2.6710050820623774 - te_losses :  3.188193982562046
current epoch : 110 	 step : 500
current epoch : 110 	 step : 1000
tr_losses :  2.6653202115411876 - te_losses :  3.1709943166593226
current epoch : 111 	 step : 500
current epoch : 111 	 step : 1000
tr_losses :  2.672522230901455 - te_losses :  3.1767908353234606
current epoch : 112 	 step : 500
current epoch : 112 	 step : 1000
tr_losses :  2.6681692005905164 - te_losses :  3.1711002707217064
current epoch : 113 	 step : 500
current epoch : 113 	 step : 1000
tr_losses :  2.6544109377602414 - te_losses :  3.170469296216436
current epoch : 114 	 step : 500
current epoch : 114 	 step : 1000
tr_losses :  2.654681734535152 - te_losses :  3.1697828637522765
current epoch : 115 	 step : 500
current epoch : 115 	 step : 1000
tr_losses :  2.658427027267688 - te_losses :  3.173679257179311
current epoch : 116 	 step : 500
current epoch : 116 	 step : 1000
tr_losses :  2.6480293641421593 - te_losses :  3.179193585516344
current epoch : 117 	 step : 500
current epoch : 117 	 step : 1000
tr_losses :  2.643657716085069 - te_losses :  3.1871306573736695
current epoch : 118 	 step : 500
current epoch : 118 	 step : 1000
tr_losses :  2.644377003160689 - te_losses :  3.174675840496224
current epoch : 119 	 step : 500
current epoch : 119 	 step : 1000
tr_losses :  2.645856722097642 - te_losses :  3.1693841274456016
current epoch : 120 	 step : 500
current epoch : 120 	 step : 1000
tr_losses :  2.6401273253755724 - te_losses :  3.170992470104784
current epoch : 121 	 step : 500
current epoch : 121 	 step : 1000
tr_losses :  2.628996206622936 - te_losses :  3.1813984334865326
current epoch : 122 	 step : 500
current epoch : 122 	 step : 1000
tr_losses :  2.6339243216020054 - te_losses :  3.175107969677369
current epoch : 123 	 step : 500
current epoch : 123 	 step : 1000
tr_losses :  2.626943957113743 - te_losses :  3.1717539684735487
current epoch : 124 	 step : 500
current epoch : 124 	 step : 1000
tr_losses :  2.623922167677294 - te_losses :  3.18603367710325
current epoch : 125 	 step : 500
current epoch : 125 	 step : 1000
tr_losses :  2.6289910040618576 - te_losses :  3.1807729811996155
current epoch : 126 	 step : 500
current epoch : 126 	 step : 1000
tr_losses :  2.624468721059478 - te_losses :  3.1727302359900293
current epoch : 127 	 step : 500
current epoch : 127 	 step : 1000
tr_losses :  2.618674358790767 - te_losses :  3.1719513172056617
current epoch : 128 	 step : 500
current epoch : 128 	 step : 1000
tr_losses :  2.6161872494458924 - te_losses :  3.1707869178704304
current epoch : 129 	 step : 500
current epoch : 129 	 step : 1000
tr_losses :  2.6113113247701714 - te_losses :  3.1704699194880654
current epoch : 130 	 step : 500
current epoch : 130 	 step : 1000
tr_losses :  2.6097826070722006 - te_losses :  3.168003997358673
current epoch : 131 	 step : 500
current epoch : 131 	 step : 1000
tr_losses :  2.609851915194351 - te_losses :  3.1620303812682495
current epoch : 132 	 step : 500
current epoch : 132 	 step : 1000
tr_losses :  2.6049740026385075 - te_losses :  3.1742080658872482
current epoch : 133 	 step : 500
current epoch : 133 	 step : 1000
tr_losses :  2.6025415242682404 - te_losses :  3.1777526978114228
current epoch : 134 	 step : 500
current epoch : 134 	 step : 1000
tr_losses :  2.5992309761319583 - te_losses :  3.1801849363119796
current epoch : 135 	 step : 500
current epoch : 135 	 step : 1000
tr_losses :  2.6011662317615367 - te_losses :  3.174659090930237
current epoch : 136 	 step : 500
current epoch : 136 	 step : 1000
tr_losses :  2.5951156666117776 - te_losses :  3.1597771385556577
current epoch : 137 	 step : 500
current epoch : 137 	 step : 1000
tr_losses :  2.5895525376985007 - te_losses :  3.173187863271675
current epoch : 138 	 step : 500
current epoch : 138 	 step : 1000
tr_losses :  2.596178567262063 - te_losses :  3.171594412522411
current epoch : 139 	 step : 500
current epoch : 139 	 step : 1000
tr_losses :  2.581904826903774 - te_losses :  3.1714784099891813
current epoch : 140 	 step : 500
current epoch : 140 	 step : 1000
tr_losses :  2.580476874288891 - te_losses :  3.172419806013086
current epoch : 141 	 step : 500
current epoch : 141 	 step : 1000
tr_losses :  2.5881580120035856 - te_losses :  3.162334184688898
current epoch : 142 	 step : 500
current epoch : 142 	 step : 1000
tr_losses :  2.5918569744030258 - te_losses :  3.1753739052495513
current epoch : 143 	 step : 500
current epoch : 143 	 step : 1000
tr_losses :  2.575153296839953 - te_losses :  3.164269543539923
current epoch : 144 	 step : 500
current epoch : 144 	 step : 1000
tr_losses :  2.5811617015998327 - te_losses :  3.174543507083292
current epoch : 145 	 step : 500
current epoch : 145 	 step : 1000
tr_losses :  2.583057225714628 - te_losses :  3.179738596114774
current epoch : 146 	 step : 500
current epoch : 146 	 step : 1000
tr_losses :  2.5707786618585704 - te_losses :  3.168731754476374
current epoch : 147 	 step : 500
current epoch : 147 	 step : 1000
tr_losses :  2.5703853354013955 - te_losses :  3.156971083512063
current epoch : 148 	 step : 500
current epoch : 148 	 step : 1000
tr_losses :  2.563513089995743 - te_losses :  3.1741987696772402
current epoch : 149 	 step : 500
current epoch : 149 	 step : 1000
tr_losses :  2.5673780051103443 - te_losses :  3.1770570151293094
current epoch : 150 	 step : 500
current epoch : 150 	 step : 1000
tr_losses :  2.5640704942588917 - te_losses :  3.168803058548143
current epoch : 151 	 step : 500
current epoch : 151 	 step : 1000
tr_losses :  2.55880828384668 - te_losses :  3.1539660583842886
current epoch : 152 	 step : 500
current epoch : 152 	 step : 1000
tr_losses :  2.5621137326383 - te_losses :  3.158051295713945
current epoch : 153 	 step : 500
current epoch : 153 	 step : 1000
tr_losses :  2.554710529056988 - te_losses :  3.166097165211341
current epoch : 154 	 step : 500
current epoch : 154 	 step : 1000
tr_losses :  2.556218005043342 - te_losses :  3.177989082695904
current epoch : 155 	 step : 500
current epoch : 155 	 step : 1000
tr_losses :  2.560572974008112 - te_losses :  3.1668357801543108
current epoch : 156 	 step : 500
current epoch : 156 	 step : 1000
tr_losses :  2.544552276522403 - te_losses :  3.158379609198898
current epoch : 157 	 step : 500
current epoch : 157 	 step : 1000
tr_losses :  2.5529439129452838 - te_losses :  3.1694651009502537
current epoch : 158 	 step : 500
current epoch : 158 	 step : 1000
tr_losses :  2.5523334422869186 - te_losses :  3.158529783299651
current epoch : 159 	 step : 500
current epoch : 159 	 step : 1000
tr_losses :  2.5479794712320722 - te_losses :  3.1607417901709445
current epoch : 160 	 step : 500
current epoch : 160 	 step : 1000
tr_losses :  2.539942765440065 - te_losses :  3.1750741438432173
current epoch : 161 	 step : 500
current epoch : 161 	 step : 1000
tr_losses :  2.5448879614883553 - te_losses :  3.1683659241627695
current epoch : 162 	 step : 500
current epoch : 162 	 step : 1000
tr_losses :  2.5477088600198616 - te_losses :  3.167146249250932
current epoch : 163 	 step : 500
current epoch : 163 	 step : 1000
tr_losses :  2.5328439318714087 - te_losses :  3.1662897175537243
current epoch : 164 	 step : 500
current epoch : 164 	 step : 1000
tr_losses :  2.5365040041399953 - te_losses :  3.1728121124191455
current epoch : 165 	 step : 500
current epoch : 165 	 step : 1000
tr_losses :  2.537449513017054 - te_losses :  3.1724640857882616
current epoch : 166 	 step : 500
current epoch : 166 	 step : 1000
tr_losses :  2.5318034731922094 - te_losses :  3.1620989934832453
current epoch : 167 	 step : 500
current epoch : 167 	 step : 1000
tr_losses :  2.5286992292649173 - te_losses :  3.167248277600747
current epoch : 168 	 step : 500
current epoch : 168 	 step : 1000
tr_losses :  2.527986948882592 - te_losses :  3.167632683946394
current epoch : 169 	 step : 500
current epoch : 169 	 step : 1000
tr_losses :  2.5328596427710592 - te_losses :  3.159737646183259
current epoch : 170 	 step : 500
current epoch : 170 	 step : 1000
tr_losses :  2.5271323568814146 - te_losses :  3.163000183464947
current epoch : 171 	 step : 500
current epoch : 171 	 step : 1000
tr_losses :  2.5289394290644593 - te_losses :  3.1666968545469634
current epoch : 172 	 step : 500
current epoch : 172 	 step : 1000
tr_losses :  2.518938231309406 - te_losses :  3.158839204623271
current epoch : 173 	 step : 500
current epoch : 173 	 step : 1000
tr_losses :  2.5286537636812247 - te_losses :  3.175064860320673
current epoch : 174 	 step : 500
current epoch : 174 	 step : 1000
tr_losses :  2.5196586755431345 - te_losses :  3.1627654548230564
current epoch : 175 	 step : 500
current epoch : 175 	 step : 1000
tr_losses :  2.522287822472947 - te_losses :  3.180182123924306
current epoch : 176 	 step : 500
current epoch : 176 	 step : 1000
tr_losses :  2.5224546170257365 - te_losses :  3.1750508052546804
current epoch : 177 	 step : 500
current epoch : 177 	 step : 1000
tr_losses :  2.5166022691354653 - te_losses :  3.1748188075892414
current epoch : 178 	 step : 500
current epoch : 178 	 step : 1000
tr_losses :  2.507883099348175 - te_losses :  3.1667455299994898
current epoch : 179 	 step : 500
current epoch : 179 	 step : 1000
tr_losses :  2.516097679011148 - te_losses :  3.168589229858635
current epoch : 180 	 step : 500
current epoch : 180 	 step : 1000
tr_losses :  2.5148502748200827 - te_losses :  3.162549924956193
current epoch : 181 	 step : 500
current epoch : 181 	 step : 1000
tr_losses :  2.5165841976423473 - te_losses :  3.1756905801016053
current epoch : 182 	 step : 500
current epoch : 182 	 step : 1000
tr_losses :  2.503978188212546 - te_losses :  3.1721246401116483
current epoch : 183 	 step : 500
current epoch : 183 	 step : 1000
tr_losses :  2.506811158754619 - te_losses :  3.1664242310957476
current epoch : 184 	 step : 500
current epoch : 184 	 step : 1000
tr_losses :  2.5124831299459673 - te_losses :  3.170815733213911
current epoch : 185 	 step : 500
current epoch : 185 	 step : 1000
tr_losses :  2.5103498666656234 - te_losses :  3.1763930003553167
current epoch : 186 	 step : 500
current epoch : 186 	 step : 1000
tr_losses :  2.501944894681762 - te_losses :  3.166523761601247
current epoch : 187 	 step : 500
current epoch : 187 	 step : 1000
tr_losses :  2.5002307733051214 - te_losses :  3.1702823305870105
current epoch : 188 	 step : 500
current epoch : 188 	 step : 1000
tr_losses :  2.505554865021347 - te_losses :  3.1798161672647143
current epoch : 189 	 step : 500
current epoch : 189 	 step : 1000
tr_losses :  2.493802870941888 - te_losses :  3.177268911623902
current epoch : 190 	 step : 500
current epoch : 190 	 step : 1000
tr_losses :  2.4998082647314535 - te_losses :  3.1684474812907286
current epoch : 191 	 step : 500
current epoch : 191 	 step : 1000
tr_losses :  2.5001801693586936 - te_losses :  3.165059711346341
current epoch : 192 	 step : 500
current epoch : 192 	 step : 1000
tr_losses :  2.498674386802114 - te_losses :  3.172451662647222
current epoch : 193 	 step : 500
current epoch : 193 	 step : 1000
tr_losses :  2.490459141109695 - te_losses :  3.1718578454924793
current epoch : 194 	 step : 500
current epoch : 194 	 step : 1000
tr_losses :  2.4942311167603557 - te_losses :  3.175639620905705
current epoch : 195 	 step : 500
current epoch : 195 	 step : 1000
tr_losses :  2.487803173337405 - te_losses :  3.1642980385249575
current epoch : 196 	 step : 500
current epoch : 196 	 step : 1000
tr_losses :  2.493114795829998 - te_losses :  3.1858470540353307
current epoch : 197 	 step : 500
current epoch : 197 	 step : 1000
tr_losses :  2.491628134398093 - te_losses :  3.1766561415137313
current epoch : 198 	 step : 500
current epoch : 198 	 step : 1000
tr_losses :  2.4843522449769257 - te_losses :  3.170849570149593
current epoch : 199 	 step : 500
current epoch : 199 	 step : 1000
tr_losses :  2.488603948299143 - te_losses :  3.184998793506834
current epoch : 200 	 step : 500
current epoch : 200 	 step : 1000
tr_losses :  2.4862676224858276 - te_losses :  3.168522732220838
current epoch : 201 	 step : 500
current epoch : 201 	 step : 1000
tr_losses :  2.476095874461529 - te_losses :  3.18290239321419
current epoch : 202 	 step : 500
current epoch : 202 	 step : 1000
tr_losses :  2.4824783339259966 - te_losses :  3.177234658116512
current epoch : 203 	 step : 500
current epoch : 203 	 step : 1000
tr_losses :  2.4873346719823486 - te_losses :  3.1859334794486442
current epoch : 204 	 step : 500
current epoch : 204 	 step : 1000
tr_losses :  2.4806603843206227 - te_losses :  3.177958065548916
current epoch : 205 	 step : 500
current epoch : 205 	 step : 1000
tr_losses :  2.478212104764697 - te_losses :  3.175231708391278
current epoch : 206 	 step : 500
current epoch : 206 	 step : 1000
tr_losses :  2.4710338113423647 - te_losses :  3.18815207322791
current epoch : 207 	 step : 500
current epoch : 207 	 step : 1000
tr_losses :  2.480469374516031 - te_losses :  3.171361562153717
current epoch : 208 	 step : 500
current epoch : 208 	 step : 1000
tr_losses :  2.474663207465189 - te_losses :  3.191621169811342
current epoch : 209 	 step : 500
current epoch : 209 	 step : 1000
tr_losses :  2.4765042616683566 - te_losses :  3.1853732306782794
current epoch : 210 	 step : 500
current epoch : 210 	 step : 1000
tr_losses :  2.472227804327329 - te_losses :  3.1766150869974275
current epoch : 211 	 step : 500
current epoch : 211 	 step : 1000
tr_losses :  2.473053653619042 - te_losses :  3.1805722528444953
current epoch : 212 	 step : 500
current epoch : 212 	 step : 1000
tr_losses :  2.4735251937334475 - te_losses :  3.1718598596272605
current epoch : 213 	 step : 500
current epoch : 213 	 step : 1000
tr_losses :  2.4706577696650514 - te_losses :  3.179098874132279
current epoch : 214 	 step : 500
current epoch : 214 	 step : 1000
tr_losses :  2.46709858384391 - te_losses :  3.1722450282779873
current epoch : 215 	 step : 500
current epoch : 215 	 step : 1000
tr_losses :  2.466943850866621 - te_losses :  3.1775792432730054
current epoch : 216 	 step : 500
current epoch : 216 	 step : 1000
tr_losses :  2.469851452095184 - te_losses :  3.177873070647077
current epoch : 217 	 step : 500
current epoch : 217 	 step : 1000
tr_losses :  2.4586983618568397 - te_losses :  3.1916097865136392
current epoch : 218 	 step : 500
current epoch : 218 	 step : 1000
tr_losses :  2.461927681055441 - te_losses :  3.179756358034595
current epoch : 219 	 step : 500
current epoch : 219 	 step : 1000
tr_losses :  2.4636049640394186 - te_losses :  3.181700322686172
current epoch : 220 	 step : 500
current epoch : 220 	 step : 1000
tr_losses :  2.463294448906983 - te_losses :  3.1909807071981833
current epoch : 221 	 step : 500
current epoch : 221 	 step : 1000
tr_losses :  2.465233583545594 - te_losses :  3.1916174159081705
current epoch : 222 	 step : 500
current epoch : 222 	 step : 1000
tr_losses :  2.46130300883902 - te_losses :  3.183051289581671
current epoch : 223 	 step : 500
current epoch : 223 	 step : 1000
tr_losses :  2.460789665055207 - te_losses :  3.198154010159478
current epoch : 224 	 step : 500
current epoch : 224 	 step : 1000
tr_losses :  2.4545728704341814 - te_losses :  3.1900250657963385
current epoch : 225 	 step : 500
current epoch : 225 	 step : 1000
tr_losses :  2.4579965097352963 - te_losses :  3.1885277120078483
current epoch : 226 	 step : 500
current epoch : 226 	 step : 1000
tr_losses :  2.456530691440847 - te_losses :  3.178296697641952
current epoch : 227 	 step : 500
current epoch : 227 	 step : 1000
tr_losses :  2.449797260318905 - te_losses :  3.195514524062298
current epoch : 228 	 step : 500
current epoch : 228 	 step : 1000
tr_losses :  2.4531940454306995 - te_losses :  3.1809559983847677
current epoch : 229 	 step : 500
current epoch : 229 	 step : 1000
tr_losses :  2.4499438575741 - te_losses :  3.1832226607329037
current epoch : 230 	 step : 500
current epoch : 230 	 step : 1000
tr_losses :  2.456421904513997 - te_losses :  3.189230538789026
current epoch : 231 	 step : 500
current epoch : 231 	 step : 1000
tr_losses :  2.4550071209527333 - te_losses :  3.1869502252591424
current epoch : 232 	 step : 500
current epoch : 232 	 step : 1000
tr_losses :  2.445257888647854 - te_losses :  3.185205566909519
current epoch : 233 	 step : 500
current epoch : 233 	 step : 1000
tr_losses :  2.4496882456353912 - te_losses :  3.189913053998926
current epoch : 234 	 step : 500
current epoch : 234 	 step : 1000
tr_losses :  2.4524317125725132 - te_losses :  3.190774987912231
current epoch : 235 	 step : 500
current epoch : 235 	 step : 1000
tr_losses :  2.4448550355423073 - te_losses :  3.1929558195718903
current epoch : 236 	 step : 500
current epoch : 236 	 step : 1000
tr_losses :  2.4430633677855544 - te_losses :  3.1973322600853153
current epoch : 237 	 step : 500
current epoch : 237 	 step : 1000
tr_losses :  2.4425908282867055 - te_losses :  3.205979774902242
current epoch : 238 	 step : 500
current epoch : 238 	 step : 1000
tr_losses :  2.4417385952910506 - te_losses :  3.198766513304277
current epoch : 239 	 step : 500
current epoch : 239 	 step : 1000
tr_losses :  2.4436644507407235 - te_losses :  3.1906642744652185
current epoch : 240 	 step : 500
current epoch : 240 	 step : 1000
tr_losses :  2.4452518373302454 - te_losses :  3.188308235282644
current epoch : 241 	 step : 500
current epoch : 241 	 step : 1000
tr_losses :  2.4496431695518894 - te_losses :  3.188768940331402
current epoch : 242 	 step : 500
current epoch : 242 	 step : 1000
tr_losses :  2.436276177470736 - te_losses :  3.2010754714255323
current epoch : 243 	 step : 500
current epoch : 243 	 step : 1000
tr_losses :  2.443964000433315 - te_losses :  3.19934076004705
current epoch : 244 	 step : 500
current epoch : 244 	 step : 1000
tr_losses :  2.4358367620480843 - te_losses :  3.1947358378814226
current epoch : 245 	 step : 500
current epoch : 245 	 step : 1000
tr_losses :  2.435798071090887 - te_losses :  3.193632674587275
current epoch : 246 	 step : 500
current epoch : 246 	 step : 1000
tr_losses :  2.4386326642857634 - te_losses :  3.2030315113702
current epoch : 247 	 step : 500
current epoch : 247 	 step : 1000
tr_losses :  2.4304600846302384 - te_losses :  3.200804234608314
current epoch : 248 	 step : 500
current epoch : 248 	 step : 1000
tr_losses :  2.4373575638409006 - te_losses :  3.200265044383622
current epoch : 249 	 step : 500
current epoch : 249 	 step : 1000
tr_losses :  2.4294187466832824 - te_losses :  3.191731741053038
current epoch : 250 	 step : 500
current epoch : 250 	 step : 1000
tr_losses :  2.4390634555798503 - te_losses :  3.2066723385829885
current epoch : 251 	 step : 500
current epoch : 251 	 step : 1000
tr_losses :  2.434027458121956 - te_losses :  3.1928731353742847
current epoch : 252 	 step : 500
current epoch : 252 	 step : 1000
tr_losses :  2.429159077545442 - te_losses :  3.203894219747404
current epoch : 253 	 step : 500
current epoch : 253 	 step : 1000
tr_losses :  2.4269256473835257 - te_losses :  3.1952347390667564
current epoch : 254 	 step : 500
current epoch : 254 	 step : 1000
tr_losses :  2.4223418648644475 - te_losses :  3.198048530819675
current epoch : 255 	 step : 500
current epoch : 255 	 step : 1000
tr_losses :  2.4295152084357845 - te_losses :  3.194938161156394
current epoch : 256 	 step : 500
current epoch : 256 	 step : 1000
tr_losses :  2.422583554383123 - te_losses :  3.2055884417303386
current epoch : 257 	 step : 500
current epoch : 257 	 step : 1000
tr_losses :  2.4304194014827827 - te_losses :  3.201300306489357
current epoch : 258 	 step : 500
current epoch : 258 	 step : 1000
tr_losses :  2.4235505331821603 - te_losses :  3.2144062075012276
current epoch : 259 	 step : 500
current epoch : 259 	 step : 1000
tr_losses :  2.425930999666027 - te_losses :  3.1988465748975123
current epoch : 260 	 step : 500
current epoch : 260 	 step : 1000
tr_losses :  2.4303370644998594 - te_losses :  3.208463128020124
current epoch : 261 	 step : 500
current epoch : 261 	 step : 1000
tr_losses :  2.4198201160902753 - te_losses :  3.199681950778496
current epoch : 262 	 step : 500
current epoch : 262 	 step : 1000
tr_losses :  2.4258513863488225 - te_losses :  3.2031371530038024
current epoch : 263 	 step : 500
current epoch : 263 	 step : 1000
tr_losses :  2.4190019070818582 - te_losses :  3.2013979687659018
current epoch : 264 	 step : 500
current epoch : 264 	 step : 1000
tr_losses :  2.4205082610717397 - te_losses :  3.202431132682411
current epoch : 265 	 step : 500
current epoch : 265 	 step : 1000
tr_losses :  2.418461868810608 - te_losses :  3.216767268276003
current epoch : 266 	 step : 500
current epoch : 266 	 step : 1000
tr_losses :  2.416875697452607 - te_losses :  3.200339555211712
current epoch : 267 	 step : 500
current epoch : 267 	 step : 1000
tr_losses :  2.4166986812987177 - te_losses :  3.2073166793307286
current epoch : 268 	 step : 500
current epoch : 268 	 step : 1000
tr_losses :  2.4176862979366254 - te_losses :  3.1992938671831017
current epoch : 269 	 step : 500
current epoch : 269 	 step : 1000
tr_losses :  2.4158437090981697 - te_losses :  3.2070963895505917
current epoch : 270 	 step : 500
current epoch : 270 	 step : 1000
tr_losses :  2.416076665146934 - te_losses :  3.2072816888931848
current epoch : 271 	 step : 500
current epoch : 271 	 step : 1000
tr_losses :  2.4165475647524355 - te_losses :  3.201605311518498
current epoch : 272 	 step : 500
current epoch : 272 	 step : 1000
tr_losses :  2.4163262871307607 - te_losses :  3.2125394909979232
current epoch : 273 	 step : 500
current epoch : 273 	 step : 1000
tr_losses :  2.412131284782707 - te_losses :  3.2152751390791257
current epoch : 274 	 step : 500
current epoch : 274 	 step : 1000
tr_losses :  2.412934201882069 - te_losses :  3.209787240313849
current epoch : 275 	 step : 500
current epoch : 275 	 step : 1000
tr_losses :  2.4098507882752496 - te_losses :  3.2021529151172174
current epoch : 276 	 step : 500
current epoch : 276 	 step : 1000
tr_losses :  2.4135919626727773 - te_losses :  3.2089846847855594
current epoch : 277 	 step : 500
current epoch : 277 	 step : 1000
tr_losses :  2.4085753431329264 - te_losses :  3.207469901594513
current epoch : 278 	 step : 500
current epoch : 278 	 step : 1000
tr_losses :  2.4044984925031434 - te_losses :  3.2205582325844437
current epoch : 279 	 step : 500
current epoch : 279 	 step : 1000
tr_losses :  2.4121910160093734 - te_losses :  3.2195070429546075
current epoch : 280 	 step : 500
current epoch : 280 	 step : 1000
tr_losses :  2.4077198893313856 - te_losses :  3.210838729685003
current epoch : 281 	 step : 500
current epoch : 281 	 step : 1000
tr_losses :  2.40597212688907 - te_losses :  3.2148468298816892
current epoch : 282 	 step : 500
current epoch : 282 	 step : 1000
tr_losses :  2.407042161721938 - te_losses :  3.218169391023082
current epoch : 283 	 step : 500
current epoch : 283 	 step : 1000
tr_losses :  2.4066850512964626 - te_losses :  3.229088631014602
current epoch : 284 	 step : 500
current epoch : 284 	 step : 1000
tr_losses :  2.4066178737426234 - te_losses :  3.220441671802834
current epoch : 285 	 step : 500
current epoch : 285 	 step : 1000
tr_losses :  2.399566842758803 - te_losses :  3.209511010979866
current epoch : 286 	 step : 500
current epoch : 286 	 step : 1000
tr_losses :  2.3993905750940687 - te_losses :  3.2033093541265854
current epoch : 287 	 step : 500
current epoch : 287 	 step : 1000
tr_losses :  2.4015754905913016 - te_losses :  3.2117847539897504
current epoch : 288 	 step : 500
current epoch : 288 	 step : 1000
tr_losses :  2.397783286904971 - te_losses :  3.2288137148330587
current epoch : 289 	 step : 500
current epoch : 289 	 step : 1000
tr_losses :  2.403065117169969 - te_losses :  3.2260886533825994
current epoch : 290 	 step : 500
current epoch : 290 	 step : 1000
tr_losses :  2.3947008687127327 - te_losses :  3.220141836914942
current epoch : 291 	 step : 500
current epoch : 291 	 step : 1000
tr_losses :  2.394947490274736 - te_losses :  3.2122548028265028
current epoch : 292 	 step : 500
current epoch : 292 	 step : 1000
tr_losses :  2.4005864660134213 - te_losses :  3.2286332282681687
current epoch : 293 	 step : 500
current epoch : 293 	 step : 1000
tr_losses :  2.398248807800939 - te_losses :  3.212996938011863
current epoch : 294 	 step : 500
current epoch : 294 	 step : 1000
tr_losses :  2.39713697338195 - te_losses :  3.2183911039136732
current epoch : 295 	 step : 500
current epoch : 295 	 step : 1000
tr_losses :  2.3955728206943037 - te_losses :  3.2296810911394274
current epoch : 296 	 step : 500
current epoch : 296 	 step : 1000
tr_losses :  2.3962114584321186 - te_losses :  3.229331739197285
current epoch : 297 	 step : 500
current epoch : 297 	 step : 1000
tr_losses :  2.395484840609027 - te_losses :  3.2249017507168247
current epoch : 298 	 step : 500
current epoch : 298 	 step : 1000
tr_losses :  2.3945100634127545 - te_losses :  3.226406412484112
current epoch : 299 	 step : 500
current epoch : 299 	 step : 1000
tr_losses :  2.393700461972905 - te_losses :  3.2299713554509197
